[[1 2 3] [4 5 6] [7 8 9]]
[[1 2 3]
 [4 5 6]
 [7 8 9]]
[[1
  2
  3]
 [4
  5
  6]
 [7
  8
  9]]
{{1 2 3} {4 5 6} {7 8 9}}
{{1 2 3}
 {4 5 6}
 {7 8 9}}
{{1
  2
  3}
 {4
  5
  6}
 {7
  8
  9}}
[:x [:x 1 :y 2 :z 3]
 :y [:x 4 :y 5 :z 6]
 :z [:x 7 :y 8 :z 9]]
[:x
 [:x 1
  :y 2
  :z 3]
 :y
 [:x 4
  :y 5
  :z 6]
 :z
 [:x 7
  :y 8
  :z 9]]
[:x
 [:x
  1
  :y
  2
  :z
  3]
 :y
 [:x
  4
  :y
  5
  :z
  6]
 :z
 [:x
  7
  :y
  8
  :z
  9]]
[1 2 3 :x 1 :y 2 :z 3]
[1 2 3
 :x 1
 :y 2
 :z 3]
[1
 2
 3
 :x 1
 :y 2
 :z 3]
[1
 2
 3
 :x
 1
 :y
 2
 :z
 3]
(@hash
  "x" (@hash "x" 1 "y" 2 "z" 3)
  "y" (@hash "x" 4 "y" 5 "z" 6)
  "z" (@hash "x" 7 "y" 8 "z" 9))
(@hash
  "x"
  (@hash "x" 1 "y" 2 "z" 3)
  "y"
  (@hash "x" 4 "y" 5 "z" 6)
  "z"
  (@hash "x" 7 "y" 8 "z" 9))
(@hash
  "x"
  (@hash
    "x" 1
    "y" 2
    "z" 3)
  "y"
  (@hash
    "x" 4
    "y" 5
    "z" 6)
  "z"
  (@hash
    "x" 7
    "y" 8
    "z" 9))
(@hash
  "x"
  (@hash
    "x"
    1
    "y"
    2
    "z"
    3)
  "y"
  (@hash
    "x"
    4
    "y"
    5
    "z"
    6)
  "z"
  (@hash
    "x"
    7
    "y"
    8
    "z"
    9))
